  main.cpp
f:\cg\lab\lab\Human.h(64): warning C4244: “=”: 从“GLdouble”转换到“float”，可能丢失数据
main.cpp(124): warning C4244: “初始化”: 从“double”转换到“GLfloat”，可能丢失数据
main.cpp(334): warning C4244: “=”: 从“double”转换到“GLfloat”，可能丢失数据
main.cpp(335): warning C4244: “=”: 从“double”转换到“GLfloat”，可能丢失数据
main.cpp(339): warning C4244: “初始化”: 从“double”转换到“GLfloat”，可能丢失数据
main.cpp(340): warning C4244: “初始化”: 从“double”转换到“GLfloat”，可能丢失数据
main.cpp(342): warning C4244: “=”: 从“double”转换到“GLfloat”，可能丢失数据
main.cpp(343): warning C4244: “=”: 从“double”转换到“GLfloat”，可能丢失数据
LINK : warning LNK4098: 默认库“LIBCMT”与其他库的使用冲突；请使用 /NODEFAULTLIB:library
  正在生成代码
  1 of 841 functions ( 0.1%) were compiled, the rest were copied from previous compilation.
    0 functions were new in current compilation
    21 functions had inline decision re-evaluated but remain unchanged
  已完成代码的生成
Drone.obj : warning LNK4049: 已导入本地定义的符号 ___glewGenerateMipmap
Drone.obj : warning LNK4049: 已导入本地定义的符号 ___glewGenBuffers
Drone.obj : warning LNK4049: 已导入本地定义的符号 ___glewGenVertexArrays
Drone.obj : warning LNK4049: 已导入本地定义的符号 ___glewActiveTexture
Drone.obj : warning LNK4049: 已导入本地定义的符号 ___glewBufferData
Drone.obj : warning LNK4049: 已导入本地定义的符号 ___glewGetUniformLocation
Drone.obj : warning LNK4049: 已导入本地定义的符号 ___glewUniform1f
Drone.obj : warning LNK4049: 已导入本地定义的符号 ___glewUniform1i
Drone.obj : warning LNK4049: 已导入本地定义的符号 ___glewBindBuffer
Drone.obj : warning LNK4049: 已导入本地定义的符号 ___glewVertexAttribPointer
Drone.obj : warning LNK4049: 已导入本地定义的符号 ___glewBindVertexArray
Drone.obj : warning LNK4049: 已导入本地定义的符号 ___glewEnableVertexAttribArray
glew32s.lib(glew.obj) : warning LNK4099: 未找到 PDB“vc120.pdb”(使用“glew32s.lib(glew.obj)”或在“F:\CG\Lab\Release\vc120.pdb”中寻找)；正在链接对象，如同没有调试信息一样
  Lab.vcxproj -> F:\CG\Lab\Release\Lab.exe
  Lab.vcxproj -> F:\CG\Lab\Release\Lab.pdb (Full PDB)
